<?xml version="1.0" encoding="UTF-8"?>
<coverage generated="1666816940837" clover="3.2.0">
  <project timestamp="1666816940837" name="All files">
    <metrics statements="146" coveredstatements="119" conditionals="58" coveredconditionals="49" methods="75" coveredmethods="57" elements="279" coveredelements="225" complexity="0" loc="146" ncloc="146" packages="3" files="12" classes="12"/>
    <package name="src">
      <metrics statements="3" coveredstatements="2" conditionals="4" coveredconditionals="2" methods="2" coveredmethods="1"/>
      <file name="App.tsx" path="/Users/blair/quizzer/src/App.tsx">
        <metrics statements="3" coveredstatements="2" conditionals="4" coveredconditionals="2" methods="2" coveredmethods="1"/>
        <line num="8" count="2" type="stmt"/>
        <line num="10" count="1" type="stmt"/>
        <line num="16" count="0" type="stmt"/>
      </file>
    </package>
    <package name="src.interfaces">
      <metrics statements="0" coveredstatements="0" conditionals="0" coveredconditionals="0" methods="0" coveredmethods="0"/>
      <file name="question.ts" path="/Users/blair/quizzer/src/interfaces/question.ts">
        <metrics statements="0" coveredstatements="0" conditionals="0" coveredconditionals="0" methods="0" coveredmethods="0"/>
      </file>
      <file name="quiz.ts" path="/Users/blair/quizzer/src/interfaces/quiz.ts">
        <metrics statements="0" coveredstatements="0" conditionals="0" coveredconditionals="0" methods="0" coveredmethods="0"/>
      </file>
    </package>
    <package name="src.quizzer">
      <metrics statements="143" coveredstatements="117" conditionals="54" coveredconditionals="47" methods="73" coveredmethods="56"/>
      <file name="AddQuizModal.tsx" path="/Users/blair/quizzer/src/quizzer/AddQuizModal.tsx">
        <metrics statements="15" coveredstatements="9" conditionals="0" coveredconditionals="0" methods="6" coveredmethods="2"/>
        <line num="4" count="2" type="stmt"/>
        <line num="9" count="32" type="stmt"/>
        <line num="10" count="32" type="stmt"/>
        <line num="12" count="32" type="stmt"/>
        <line num="13" count="1" type="stmt"/>
        <line num="14" count="1" type="stmt"/>
        <line num="15" count="1" type="stmt"/>
        <line num="16" count="1" type="stmt"/>
        <line num="19" count="32" type="stmt"/>
        <line num="21" count="0" type="stmt"/>
        <line num="32" count="0" type="stmt"/>
        <line num="41" count="0" type="stmt"/>
        <line num="49" count="0" type="stmt"/>
        <line num="50" count="0" type="stmt"/>
        <line num="51" count="0" type="stmt"/>
      </file>
      <file name="QuestionEdit.tsx" path="/Users/blair/quizzer/src/quizzer/QuestionEdit.tsx">
        <metrics statements="31" coveredstatements="15" conditionals="12" coveredconditionals="8" methods="16" coveredmethods="7"/>
        <line num="7" count="2" type="stmt"/>
        <line num="15" count="54" type="stmt"/>
        <line num="16" count="53" type="stmt"/>
        <line num="19" count="54" type="stmt"/>
        <line num="20" count="0" type="stmt"/>
        <line num="22" count="0" type="cond" truecount="0" falsecount="2"/>
        <line num="23" count="0" type="stmt"/>
        <line num="31" count="54" type="stmt"/>
        <line num="32" count="1" type="stmt"/>
        <line num="33" count="1" type="stmt"/>
        <line num="41" count="54" type="stmt"/>
        <line num="42" count="0" type="stmt"/>
        <line num="43" count="0" type="stmt"/>
        <line num="46" count="54" type="stmt"/>
        <line num="50" count="0" type="stmt"/>
        <line num="51" count="0" type="stmt"/>
        <line num="52" count="0" type="stmt"/>
        <line num="59" count="54" type="stmt"/>
        <line num="60" count="0" type="stmt"/>
        <line num="61" count="0" type="stmt"/>
        <line num="62" count="0" type="stmt"/>
        <line num="68" count="54" type="stmt"/>
        <line num="85" count="0" type="stmt"/>
        <line num="115" count="1" type="stmt"/>
        <line num="158" count="0" type="stmt"/>
        <line num="171" count="81" type="stmt"/>
        <line num="192" count="0" type="stmt"/>
        <line num="210" count="2" type="stmt"/>
        <line num="219" count="0" type="stmt"/>
        <line num="235" count="1" type="stmt"/>
        <line num="244" count="0" type="stmt"/>
      </file>
      <file name="QuizCard.tsx" path="/Users/blair/quizzer/src/quizzer/QuizCard.tsx">
        <metrics statements="5" coveredstatements="5" conditionals="5" coveredconditionals="4" methods="3" coveredmethods="3"/>
        <line num="7" count="2" type="stmt"/>
        <line num="11" count="90" type="stmt"/>
        <line num="13" count="356" type="cond" truecount="3" falsecount="0"/>
        <line num="16" count="90" type="stmt"/>
        <line num="22" count="10" type="stmt"/>
      </file>
      <file name="QuizEdit.tsx" path="/Users/blair/quizzer/src/quizzer/QuizEdit.tsx">
        <metrics statements="25" coveredstatements="21" conditionals="6" coveredconditionals="6" methods="15" coveredmethods="11"/>
        <line num="9" count="2" type="stmt"/>
        <line num="16" count="13" type="stmt"/>
        <line num="18" count="13" type="stmt"/>
        <line num="19" count="2" type="stmt"/>
        <line num="21" count="8" type="cond" truecount="2" falsecount="0"/>
        <line num="26" count="13" type="stmt"/>
        <line num="27" count="0" type="stmt"/>
        <line num="29" count="0" type="stmt"/>
        <line num="34" count="13" type="stmt"/>
        <line num="35" count="5" type="stmt"/>
        <line num="38" count="13" type="stmt"/>
        <line num="39" count="2" type="stmt"/>
        <line num="43" count="8" type="cond" truecount="2" falsecount="0"/>
        <line num="44" count="6" type="cond" truecount="2" falsecount="0"/>
        <line num="45" count="4" type="stmt"/>
        <line num="51" count="13" type="stmt"/>
        <line num="63" count="0" type="stmt"/>
        <line num="80" count="2" type="stmt"/>
        <line num="92" count="0" type="stmt"/>
        <line num="100" count="54" type="stmt"/>
        <line num="116" count="1" type="stmt"/>
        <line num="142" count="5" type="stmt"/>
        <line num="143" count="5" type="stmt"/>
        <line num="155" count="1" type="stmt"/>
        <line num="156" count="1" type="stmt"/>
      </file>
      <file name="QuizExpanded.tsx" path="/Users/blair/quizzer/src/quizzer/QuizExpanded.tsx">
        <metrics statements="25" coveredstatements="25" conditionals="7" coveredconditionals="7" methods="12" coveredmethods="12"/>
        <line num="9" count="2" type="stmt"/>
        <line num="15" count="20" type="stmt"/>
        <line num="17" count="81" type="cond" truecount="3" falsecount="0"/>
        <line num="20" count="20" type="stmt"/>
        <line num="21" count="20" type="stmt"/>
        <line num="25" count="20" type="stmt"/>
        <line num="26" count="2" type="stmt"/>
        <line num="27" count="2" type="stmt"/>
        <line num="28" count="2" type="stmt"/>
        <line num="31" count="20" type="stmt"/>
        <line num="32" count="41" type="stmt"/>
        <line num="36" count="20" type="stmt"/>
        <line num="37" count="2" type="stmt"/>
        <line num="40" count="20" type="stmt"/>
        <line num="41" count="7" type="stmt"/>
        <line num="42" count="7" type="stmt"/>
        <line num="45" count="28" type="stmt"/>
        <line num="49" count="7" type="stmt"/>
        <line num="52" count="20" type="stmt"/>
        <line num="53" count="2" type="stmt"/>
        <line num="55" count="8" type="cond" truecount="2" falsecount="0"/>
        <line num="60" count="20" type="stmt"/>
        <line num="75" count="6" type="stmt"/>
        <line num="76" count="6" type="stmt"/>
        <line num="92" count="41" type="stmt"/>
      </file>
      <file name="QuizList.tsx" path="/Users/blair/quizzer/src/quizzer/QuizList.tsx">
        <metrics statements="11" coveredstatements="11" conditionals="4" coveredconditionals="4" methods="5" coveredmethods="5"/>
        <line num="8" count="2" type="stmt"/>
        <line num="14" count="42" type="stmt"/>
        <line num="16" count="42" type="stmt"/>
        <line num="17" count="10" type="stmt"/>
        <line num="20" count="42" type="stmt"/>
        <line num="21" count="1" type="stmt"/>
        <line num="24" count="42" type="stmt"/>
        <line num="29" count="90" type="stmt"/>
        <line num="41" count="210" type="cond" truecount="2" falsecount="0"/>
        <line num="42" count="24" type="stmt"/>
        <line num="52" count="186" type="stmt"/>
      </file>
      <file name="QuizQuestion.tsx" path="/Users/blair/quizzer/src/quizzer/QuizQuestion.tsx">
        <metrics statements="10" coveredstatements="10" conditionals="14" coveredconditionals="12" methods="4" coveredmethods="4"/>
        <line num="8" count="2" type="stmt"/>
        <line num="16" count="41" type="stmt"/>
        <line num="17" count="2" type="cond" truecount="1" falsecount="1"/>
        <line num="18" count="2" type="stmt"/>
        <line num="22" count="41" type="stmt"/>
        <line num="23" count="2" type="stmt"/>
        <line num="24" count="2" type="cond" truecount="1" falsecount="1"/>
        <line num="25" count="2" type="stmt"/>
        <line num="29" count="41" type="stmt"/>
        <line num="55" count="57" type="stmt"/>
      </file>
      <file name="QuizView.tsx" path="/Users/blair/quizzer/src/quizzer/QuizView.tsx">
        <metrics statements="5" coveredstatements="5" conditionals="4" coveredconditionals="4" methods="2" coveredmethods="2"/>
        <line num="8" count="2" type="stmt"/>
        <line num="14" count="24" type="stmt"/>
        <line num="16" count="24" type="stmt"/>
        <line num="17" count="11" type="stmt"/>
        <line num="20" count="24" type="stmt"/>
      </file>
      <file name="Quizzer.tsx" path="/Users/blair/quizzer/src/quizzer/Quizzer.tsx">
        <metrics statements="16" coveredstatements="16" conditionals="2" coveredconditionals="2" methods="10" coveredmethods="10"/>
        <line num="10" count="2" type="stmt"/>
        <line num="11" count="10" type="stmt"/>
        <line num="14" count="40" type="stmt"/>
        <line num="23" count="2" type="stmt"/>
        <line num="24" count="34" type="stmt"/>
        <line num="25" count="32" type="stmt"/>
        <line num="26" count="32" type="stmt"/>
        <line num="29" count="14" type="stmt"/>
        <line num="30" count="70" type="cond" truecount="2" falsecount="0"/>
        <line num="35" count="1" type="stmt"/>
        <line num="40" count="1" type="stmt"/>
        <line num="41" count="1" type="stmt"/>
        <line num="45" count="5" type="stmt"/>
        <line num="48" count="32" type="stmt"/>
        <line num="49" count="32" type="stmt"/>
        <line num="51" count="32" type="stmt"/>
      </file>
    </package>
  </project>
</coverage>
