{"/Users/blair/quizzer/src/App.tsx": {"path":"/Users/blair/quizzer/src/App.tsx","statementMap":{"0":{"start":{"line":8,"column":34},"end":{"line":8,"column":57}},"1":{"start":{"line":10,"column":4},"end":{"line":26,"column":6}},"2":{"start":{"line":16,"column":24},"end":{"line":16,"column":45}}},"fnMap":{"0":{"name":"App","decl":{"start":{"line":7,"column":9},"end":{"line":7,"column":12}},"loc":{"start":{"line":7,"column":28},"end":{"line":27,"column":1}},"line":7},"1":{"name":"(anonymous_1)","decl":{"start":{"line":15,"column":29},"end":{"line":15,"column":30}},"loc":{"start":{"line":15,"column":35},"end":{"line":17,"column":21}},"line":15}},"branchMap":{"0":{"loc":{"start":{"line":19,"column":21},"end":{"line":19,"column":50}},"type":"cond-expr","locations":[{"start":{"line":19,"column":31},"end":{"line":19,"column":40}},{"start":{"line":19,"column":43},"end":{"line":19,"column":50}}],"line":19},"1":{"loc":{"start":{"line":22,"column":35},"end":{"line":22,"column":61}},"type":"cond-expr","locations":[{"start":{"line":22,"column":45},"end":{"line":22,"column":52}},{"start":{"line":22,"column":55},"end":{"line":22,"column":61}}],"line":22}},"s":{"0":2,"1":1,"2":0},"f":{"0":2,"1":0},"b":{"0":[1,0],"1":[1,0]},"_coverageSchema":"1a1c01bbd47fc00a2c39e90264f33305004495a9","hash":"c2c8e909cddd36d0183099f7ca13f57c3c2e7bb1"}
,"/Users/blair/quizzer/src/interfaces/question.ts": {"path":"/Users/blair/quizzer/src/interfaces/question.ts","statementMap":{},"fnMap":{},"branchMap":{},"s":{},"f":{},"b":{}}
,"/Users/blair/quizzer/src/interfaces/quiz.ts": {"path":"/Users/blair/quizzer/src/interfaces/quiz.ts","statementMap":{},"fnMap":{},"branchMap":{},"s":{},"f":{},"b":{}}
,"/Users/blair/quizzer/src/quizzer/AddQuizModal.tsx": {"path":"/Users/blair/quizzer/src/quizzer/AddQuizModal.tsx","statementMap":{"0":{"start":{"line":4,"column":28},"end":{"line":63,"column":1}},"1":{"start":{"line":9,"column":30},"end":{"line":9,"column":62}},"2":{"start":{"line":10,"column":28},"end":{"line":10,"column":67}},"3":{"start":{"line":12,"column":24},"end":{"line":17,"column":5}},"4":{"start":{"line":13,"column":8},"end":{"line":13,"column":29}},"5":{"start":{"line":14,"column":8},"end":{"line":14,"column":33}},"6":{"start":{"line":15,"column":8},"end":{"line":15,"column":39}},"7":{"start":{"line":16,"column":8},"end":{"line":16,"column":22}},"8":{"start":{"line":19,"column":4},"end":{"line":62,"column":6}},"9":{"start":{"line":21,"column":45},"end":{"line":21,"column":56}},"10":{"start":{"line":32,"column":33},"end":{"line":32,"column":57}},"11":{"start":{"line":41,"column":33},"end":{"line":41,"column":56}},"12":{"start":{"line":49,"column":28},"end":{"line":49,"column":53}},"13":{"start":{"line":50,"column":28},"end":{"line":50,"column":59}},"14":{"start":{"line":51,"column":28},"end":{"line":51,"column":42}}},"fnMap":{"0":{"name":"(anonymous_0)","decl":{"start":{"line":4,"column":28},"end":{"line":4,"column":29}},"loc":{"start":{"line":8,"column":65},"end":{"line":63,"column":1}},"line":8},"1":{"name":"(anonymous_1)","decl":{"start":{"line":12,"column":24},"end":{"line":12,"column":25}},"loc":{"start":{"line":12,"column":30},"end":{"line":17,"column":5}},"line":12},"2":{"name":"(anonymous_2)","decl":{"start":{"line":21,"column":39},"end":{"line":21,"column":40}},"loc":{"start":{"line":21,"column":45},"end":{"line":21,"column":56}},"line":21},"3":{"name":"(anonymous_3)","decl":{"start":{"line":30,"column":38},"end":{"line":30,"column":39}},"loc":{"start":{"line":32,"column":33},"end":{"line":32,"column":57}},"line":32},"4":{"name":"(anonymous_4)","decl":{"start":{"line":39,"column":38},"end":{"line":39,"column":39}},"loc":{"start":{"line":41,"column":33},"end":{"line":41,"column":56}},"line":41},"5":{"name":"(anonymous_5)","decl":{"start":{"line":48,"column":33},"end":{"line":48,"column":34}},"loc":{"start":{"line":48,"column":39},"end":{"line":52,"column":25}},"line":48}},"branchMap":{},"s":{"0":2,"1":32,"2":32,"3":32,"4":1,"5":1,"6":1,"7":1,"8":32,"9":0,"10":0,"11":0,"12":0,"13":0,"14":0},"f":{"0":32,"1":1,"2":0,"3":0,"4":0,"5":0},"b":{},"_coverageSchema":"1a1c01bbd47fc00a2c39e90264f33305004495a9","hash":"724e5a93f98faeefe2694deebbec6522df1e4d5d"}
,"/Users/blair/quizzer/src/quizzer/QuestionEdit.tsx": {"path":"/Users/blair/quizzer/src/quizzer/QuestionEdit.tsx","statementMap":{"0":{"start":{"line":7,"column":28},"end":{"line":253,"column":1}},"1":{"start":{"line":15,"column":19},"end":{"line":17,"column":5}},"2":{"start":{"line":16,"column":50},"end":{"line":16,"column":73}},"3":{"start":{"line":19,"column":29},"end":{"line":29,"column":5}},"4":{"start":{"line":20,"column":8},"end":{"line":20,"column":13}},"5":{"start":{"line":22,"column":12},"end":{"line":22,"column":71}},"6":{"start":{"line":23,"column":8},"end":{"line":28,"column":11}},"7":{"start":{"line":31,"column":24},"end":{"line":39,"column":5}},"8":{"start":{"line":32,"column":8},"end":{"line":32,"column":13}},"9":{"start":{"line":33,"column":8},"end":{"line":38,"column":11}},"10":{"start":{"line":41,"column":25},"end":{"line":44,"column":5}},"11":{"start":{"line":42,"column":5},"end":{"line":42,"column":47}},"12":{"start":{"line":43,"column":8},"end":{"line":43,"column":44}},"13":{"start":{"line":46,"column":31},"end":{"line":57,"column":5}},"14":{"start":{"line":50,"column":27},"end":{"line":50,"column":48}},"15":{"start":{"line":51,"column":8},"end":{"line":51,"column":48}},"16":{"start":{"line":52,"column":8},"end":{"line":56,"column":11}},"17":{"start":{"line":59,"column":30},"end":{"line":66,"column":5}},"18":{"start":{"line":60,"column":20},"end":{"line":60,"column":44}},"19":{"start":{"line":61,"column":8},"end":{"line":61,"column":15}},"20":{"start":{"line":62,"column":8},"end":{"line":65,"column":11}},"21":{"start":{"line":68,"column":4},"end":{"line":252,"column":6}},"22":{"start":{"line":85,"column":36},"end":{"line":88,"column":39}},"23":{"start":{"line":115,"column":92},"end":{"line":115,"column":106}},"24":{"start":{"line":158,"column":44},"end":{"line":161,"column":47}},"25":{"start":{"line":171,"column":44},"end":{"line":198,"column":50}},"26":{"start":{"line":192,"column":56},"end":{"line":195,"column":58}},"27":{"start":{"line":210,"column":32},"end":{"line":210,"column":63}},"28":{"start":{"line":219,"column":32},"end":{"line":219,"column":63}},"29":{"start":{"line":235,"column":28},"end":{"line":238,"column":31}},"30":{"start":{"line":244,"column":28},"end":{"line":244,"column":56}}},"fnMap":{"0":{"name":"(anonymous_0)","decl":{"start":{"line":7,"column":28},"end":{"line":7,"column":29}},"loc":{"start":{"line":14,"column":136},"end":{"line":253,"column":1}},"line":14},"1":{"name":"(anonymous_1)","decl":{"start":{"line":16,"column":35},"end":{"line":16,"column":36}},"loc":{"start":{"line":16,"column":50},"end":{"line":16,"column":73}},"line":16},"2":{"name":"(anonymous_2)","decl":{"start":{"line":19,"column":29},"end":{"line":19,"column":30}},"loc":{"start":{"line":19,"column":73},"end":{"line":29,"column":5}},"line":19},"3":{"name":"(anonymous_3)","decl":{"start":{"line":31,"column":24},"end":{"line":31,"column":25}},"loc":{"start":{"line":31,"column":69},"end":{"line":39,"column":5}},"line":31},"4":{"name":"(anonymous_4)","decl":{"start":{"line":41,"column":25},"end":{"line":41,"column":26}},"loc":{"start":{"line":41,"column":69},"end":{"line":44,"column":5}},"line":41},"5":{"name":"(anonymous_5)","decl":{"start":{"line":46,"column":31},"end":{"line":46,"column":32}},"loc":{"start":{"line":49,"column":9},"end":{"line":57,"column":5}},"line":49},"6":{"name":"(anonymous_6)","decl":{"start":{"line":59,"column":30},"end":{"line":59,"column":31}},"loc":{"start":{"line":59,"column":74},"end":{"line":66,"column":5}},"line":59},"7":{"name":"(anonymous_7)","decl":{"start":{"line":82,"column":42},"end":{"line":82,"column":43}},"loc":{"start":{"line":84,"column":37},"end":{"line":89,"column":33}},"line":84},"8":{"name":"(anonymous_8)","decl":{"start":{"line":115,"column":46},"end":{"line":115,"column":47}},"loc":{"start":{"line":115,"column":92},"end":{"line":115,"column":106}},"line":115},"9":{"name":"(anonymous_9)","decl":{"start":{"line":155,"column":50},"end":{"line":155,"column":51}},"loc":{"start":{"line":157,"column":45},"end":{"line":162,"column":41}},"line":157},"10":{"name":"(anonymous_10)","decl":{"start":{"line":170,"column":40},"end":{"line":170,"column":41}},"loc":{"start":{"line":171,"column":44},"end":{"line":198,"column":50}},"line":171},"11":{"name":"(anonymous_11)","decl":{"start":{"line":189,"column":62},"end":{"line":189,"column":63}},"loc":{"start":{"line":191,"column":57},"end":{"line":196,"column":53}},"line":191},"12":{"name":"(anonymous_12)","decl":{"start":{"line":209,"column":37},"end":{"line":209,"column":38}},"loc":{"start":{"line":209,"column":43},"end":{"line":211,"column":29}},"line":209},"13":{"name":"(anonymous_13)","decl":{"start":{"line":218,"column":37},"end":{"line":218,"column":38}},"loc":{"start":{"line":218,"column":43},"end":{"line":220,"column":29}},"line":218},"14":{"name":"(anonymous_14)","decl":{"start":{"line":234,"column":34},"end":{"line":234,"column":35}},"loc":{"start":{"line":234,"column":78},"end":{"line":239,"column":25}},"line":234},"15":{"name":"(anonymous_15)","decl":{"start":{"line":243,"column":33},"end":{"line":243,"column":34}},"loc":{"start":{"line":243,"column":39},"end":{"line":245,"column":25}},"line":243}},"branchMap":{"0":{"loc":{"start":{"line":22,"column":12},"end":{"line":22,"column":71}},"type":"cond-expr","locations":[{"start":{"line":22,"column":43},"end":{"line":22,"column":44}},{"start":{"line":22,"column":47},"end":{"line":22,"column":71}}],"line":22},"1":{"loc":{"start":{"line":55,"column":22},"end":{"line":55,"column":66}},"type":"cond-expr","locations":[{"start":{"line":55,"column":32},"end":{"line":55,"column":46}},{"start":{"line":55,"column":49},"end":{"line":55,"column":66}}],"line":55},"2":{"loc":{"start":{"line":104,"column":31},"end":{"line":104,"column":63}},"type":"cond-expr","locations":[{"start":{"line":104,"column":55},"end":{"line":104,"column":58}},{"start":{"line":104,"column":61},"end":{"line":104,"column":63}}],"line":104},"3":{"loc":{"start":{"line":135,"column":29},"end":{"line":147,"column":29}},"type":"binary-expr","locations":[{"start":{"line":135,"column":29},"end":{"line":135,"column":73}},{"start":{"line":136,"column":32},"end":{"line":146,"column":35}}],"line":135},"4":{"loc":{"start":{"line":150,"column":29},"end":{"line":165,"column":29}},"type":"binary-expr","locations":[{"start":{"line":150,"column":29},"end":{"line":150,"column":70}},{"start":{"line":151,"column":32},"end":{"line":164,"column":45}}],"line":150},"5":{"loc":{"start":{"line":166,"column":29},"end":{"line":202,"column":29}},"type":"binary-expr","locations":[{"start":{"line":166,"column":29},"end":{"line":166,"column":73}},{"start":{"line":167,"column":32},"end":{"line":201,"column":45}}],"line":166}},"s":{"0":2,"1":54,"2":53,"3":54,"4":0,"5":0,"6":0,"7":54,"8":1,"9":1,"10":54,"11":0,"12":0,"13":54,"14":0,"15":0,"16":0,"17":54,"18":0,"19":0,"20":0,"21":54,"22":0,"23":1,"24":0,"25":81,"26":0,"27":2,"28":0,"29":1,"30":0},"f":{"0":54,"1":53,"2":0,"3":1,"4":0,"5":0,"6":0,"7":0,"8":1,"9":0,"10":81,"11":0,"12":2,"13":0,"14":1,"15":0},"b":{"0":[0,0],"1":[0,0],"2":[13,41],"3":[54,27],"4":[54,27],"5":[54,27]},"_coverageSchema":"1a1c01bbd47fc00a2c39e90264f33305004495a9","hash":"620d87c9af7da66257df536c61b1763216fa0f5d"}
,"/Users/blair/quizzer/src/quizzer/QuizCard.tsx": {"path":"/Users/blair/quizzer/src/quizzer/QuizCard.tsx","statementMap":{"0":{"start":{"line":7,"column":24},"end":{"line":35,"column":1}},"1":{"start":{"line":11,"column":30},"end":{"line":14,"column":5}},"2":{"start":{"line":13,"column":12},"end":{"line":13,"column":62}},"3":{"start":{"line":16,"column":4},"end":{"line":34,"column":6}},"4":{"start":{"line":22,"column":24},"end":{"line":22,"column":45}}},"fnMap":{"0":{"name":"(anonymous_0)","decl":{"start":{"line":7,"column":24},"end":{"line":7,"column":25}},"loc":{"start":{"line":10,"column":43},"end":{"line":35,"column":1}},"line":10},"1":{"name":"(anonymous_1)","decl":{"start":{"line":12,"column":8},"end":{"line":12,"column":9}},"loc":{"start":{"line":13,"column":12},"end":{"line":13,"column":62}},"line":13},"2":{"name":"(anonymous_2)","decl":{"start":{"line":21,"column":29},"end":{"line":21,"column":30}},"loc":{"start":{"line":21,"column":35},"end":{"line":23,"column":21}},"line":21}},"branchMap":{"0":{"loc":{"start":{"line":13,"column":12},"end":{"line":13,"column":62}},"type":"binary-expr","locations":[{"start":{"line":13,"column":13},"end":{"line":13,"column":27}},{"start":{"line":13,"column":31},"end":{"line":13,"column":42}},{"start":{"line":13,"column":47},"end":{"line":13,"column":62}}],"line":13},"1":{"loc":{"start":{"line":29,"column":21},"end":{"line":29,"column":62}},"type":"cond-expr","locations":[{"start":{"line":29,"column":54},"end":{"line":29,"column":57}},{"start":{"line":29,"column":60},"end":{"line":29,"column":62}}],"line":29}},"s":{"0":2,"1":90,"2":356,"3":90,"4":10},"f":{"0":90,"1":356,"2":10},"b":{"0":[356,302,160],"1":[90,0]},"_coverageSchema":"1a1c01bbd47fc00a2c39e90264f33305004495a9","hash":"b2d95b31e2e8a9f58c1d0c207900a4917d3dd583"}
,"/Users/blair/quizzer/src/quizzer/QuizEdit.tsx": {"path":"/Users/blair/quizzer/src/quizzer/QuizEdit.tsx","statementMap":{"0":{"start":{"line":9,"column":24},"end":{"line":165,"column":1}},"1":{"start":{"line":16,"column":34},"end":{"line":16,"column":61}},"2":{"start":{"line":18,"column":25},"end":{"line":24,"column":5}},"3":{"start":{"line":19,"column":8},"end":{"line":23,"column":11}},"4":{"start":{"line":21,"column":85},"end":{"line":21,"column":136}},"5":{"start":{"line":26,"column":27},"end":{"line":32,"column":5}},"6":{"start":{"line":27,"column":8},"end":{"line":31,"column":11}},"7":{"start":{"line":29,"column":87},"end":{"line":29,"column":113}},"8":{"start":{"line":34,"column":24},"end":{"line":36,"column":5}},"9":{"start":{"line":35,"column":8},"end":{"line":35,"column":42}},"10":{"start":{"line":38,"column":25},"end":{"line":49,"column":5}},"11":{"start":{"line":39,"column":8},"end":{"line":48,"column":11}},"12":{"start":{"line":43,"column":20},"end":{"line":43,"column":72}},"13":{"start":{"line":43,"column":38},"end":{"line":43,"column":72}},"14":{"start":{"line":44,"column":20},"end":{"line":44,"column":72}},"15":{"start":{"line":44,"column":38},"end":{"line":44,"column":72}},"16":{"start":{"line":45,"column":20},"end":{"line":45,"column":53}},"17":{"start":{"line":51,"column":4},"end":{"line":164,"column":6}},"18":{"start":{"line":63,"column":36},"end":{"line":66,"column":38}},"19":{"start":{"line":80,"column":32},"end":{"line":82,"column":35}},"20":{"start":{"line":92,"column":28},"end":{"line":92,"column":76}},"21":{"start":{"line":100,"column":20},"end":{"line":108,"column":36}},"22":{"start":{"line":116,"column":24},"end":{"line":131,"column":27}},"23":{"start":{"line":142,"column":32},"end":{"line":142,"column":46}},"24":{"start":{"line":143,"column":32},"end":{"line":143,"column":45}},"25":{"start":{"line":155,"column":28},"end":{"line":155,"column":48}},"26":{"start":{"line":156,"column":28},"end":{"line":156,"column":40}}},"fnMap":{"0":{"name":"(anonymous_0)","decl":{"start":{"line":9,"column":24},"end":{"line":9,"column":25}},"loc":{"start":{"line":15,"column":107},"end":{"line":165,"column":1}},"line":15},"1":{"name":"(anonymous_1)","decl":{"start":{"line":18,"column":25},"end":{"line":18,"column":26}},"loc":{"start":{"line":18,"column":72},"end":{"line":24,"column":5}},"line":18},"2":{"name":"(anonymous_2)","decl":{"start":{"line":21,"column":51},"end":{"line":21,"column":52}},"loc":{"start":{"line":21,"column":85},"end":{"line":21,"column":136}},"line":21},"3":{"name":"(anonymous_3)","decl":{"start":{"line":26,"column":27},"end":{"line":26,"column":28}},"loc":{"start":{"line":26,"column":51},"end":{"line":32,"column":5}},"line":26},"4":{"name":"(anonymous_4)","decl":{"start":{"line":29,"column":54},"end":{"line":29,"column":55}},"loc":{"start":{"line":29,"column":87},"end":{"line":29,"column":113}},"line":29},"5":{"name":"(anonymous_5)","decl":{"start":{"line":34,"column":24},"end":{"line":34,"column":25}},"loc":{"start":{"line":34,"column":30},"end":{"line":36,"column":5}},"line":34},"6":{"name":"(anonymous_6)","decl":{"start":{"line":38,"column":25},"end":{"line":38,"column":26}},"loc":{"start":{"line":38,"column":57},"end":{"line":49,"column":5}},"line":38},"7":{"name":"(anonymous_7)","decl":{"start":{"line":42,"column":16},"end":{"line":42,"column":17}},"loc":{"start":{"line":42,"column":56},"end":{"line":46,"column":17}},"line":42},"8":{"name":"(anonymous_8)","decl":{"start":{"line":60,"column":42},"end":{"line":60,"column":43}},"loc":{"start":{"line":63,"column":36},"end":{"line":66,"column":38}},"line":63},"9":{"name":"(anonymous_9)","decl":{"start":{"line":77,"column":38},"end":{"line":77,"column":39}},"loc":{"start":{"line":79,"column":33},"end":{"line":83,"column":29}},"line":79},"10":{"name":"(anonymous_10)","decl":{"start":{"line":91,"column":34},"end":{"line":91,"column":35}},"loc":{"start":{"line":92,"column":28},"end":{"line":92,"column":76}},"line":92},"11":{"name":"(anonymous_11)","decl":{"start":{"line":99,"column":42},"end":{"line":99,"column":43}},"loc":{"start":{"line":100,"column":20},"end":{"line":108,"column":36}},"line":100},"12":{"name":"(anonymous_12)","decl":{"start":{"line":115,"column":29},"end":{"line":115,"column":30}},"loc":{"start":{"line":115,"column":35},"end":{"line":132,"column":21}},"line":115},"13":{"name":"(anonymous_13)","decl":{"start":{"line":141,"column":37},"end":{"line":141,"column":38}},"loc":{"start":{"line":141,"column":43},"end":{"line":144,"column":29}},"line":141},"14":{"name":"(anonymous_14)","decl":{"start":{"line":154,"column":33},"end":{"line":154,"column":34}},"loc":{"start":{"line":154,"column":39},"end":{"line":157,"column":25}},"line":154}},"branchMap":{"0":{"loc":{"start":{"line":21,"column":85},"end":{"line":21,"column":136}},"type":"cond-expr","locations":[{"start":{"line":21,"column":114},"end":{"line":21,"column":125}},{"start":{"line":21,"column":128},"end":{"line":21,"column":136}}],"line":21},"1":{"loc":{"start":{"line":43,"column":20},"end":{"line":43,"column":72}},"type":"if","locations":[{"start":{"line":43,"column":20},"end":{"line":43,"column":72}},{"start":{},"end":{}}],"line":43},"2":{"loc":{"start":{"line":44,"column":20},"end":{"line":44,"column":72}},"type":"if","locations":[{"start":{"line":44,"column":20},"end":{"line":44,"column":72}},{"start":{},"end":{}}],"line":44}},"s":{"0":2,"1":13,"2":13,"3":2,"4":8,"5":13,"6":0,"7":0,"8":13,"9":5,"10":13,"11":2,"12":8,"13":2,"14":6,"15":2,"16":4,"17":13,"18":0,"19":2,"20":0,"21":54,"22":1,"23":5,"24":5,"25":1,"26":1},"f":{"0":13,"1":2,"2":8,"3":0,"4":0,"5":5,"6":2,"7":8,"8":0,"9":2,"10":0,"11":54,"12":1,"13":5,"14":1},"b":{"0":[2,6],"1":[2,6],"2":[2,4]},"_coverageSchema":"1a1c01bbd47fc00a2c39e90264f33305004495a9","hash":"f431b4a4bab40a3d8ded5364bf1767ac8dd4667d"}
,"/Users/blair/quizzer/src/quizzer/QuizExpanded.tsx": {"path":"/Users/blair/quizzer/src/quizzer/QuizExpanded.tsx","statementMap":{"0":{"start":{"line":9,"column":28},"end":{"line":113,"column":1}},"1":{"start":{"line":15,"column":30},"end":{"line":18,"column":5}},"2":{"start":{"line":17,"column":12},"end":{"line":17,"column":62}},"3":{"start":{"line":20,"column":20},"end":{"line":20,"column":39}},"4":{"start":{"line":21,"column":38},"end":{"line":23,"column":5}},"5":{"start":{"line":25,"column":33},"end":{"line":29,"column":5}},"6":{"start":{"line":26,"column":29},"end":{"line":26,"column":43}},"7":{"start":{"line":27,"column":8},"end":{"line":27,"column":44}},"8":{"start":{"line":28,"column":8},"end":{"line":28,"column":35}},"9":{"start":{"line":31,"column":24},"end":{"line":34,"column":5}},"10":{"start":{"line":32,"column":47},"end":{"line":32,"column":62}},"11":{"start":{"line":36,"column":22},"end":{"line":38,"column":5}},"12":{"start":{"line":37,"column":8},"end":{"line":37,"column":41}},"13":{"start":{"line":37,"column":26},"end":{"line":37,"column":39}},"14":{"start":{"line":40,"column":18},"end":{"line":50,"column":5}},"15":{"start":{"line":41,"column":8},"end":{"line":41,"column":58}},"16":{"start":{"line":42,"column":8},"end":{"line":47,"column":11}},"17":{"start":{"line":45,"column":44},"end":{"line":45,"column":68}},"18":{"start":{"line":49,"column":8},"end":{"line":49,"column":14}},"19":{"start":{"line":52,"column":28},"end":{"line":58,"column":5}},"20":{"start":{"line":53,"column":8},"end":{"line":57,"column":11}},"21":{"start":{"line":55,"column":65},"end":{"line":55,"column":116}},"22":{"start":{"line":60,"column":4},"end":{"line":112,"column":6}},"23":{"start":{"line":75,"column":28},"end":{"line":75,"column":36}},"24":{"start":{"line":76,"column":28},"end":{"line":76,"column":41}},"25":{"start":{"line":92,"column":16},"end":{"line":100,"column":32}}},"fnMap":{"0":{"name":"(anonymous_0)","decl":{"start":{"line":9,"column":28},"end":{"line":9,"column":29}},"loc":{"start":{"line":14,"column":85},"end":{"line":113,"column":1}},"line":14},"1":{"name":"(anonymous_1)","decl":{"start":{"line":16,"column":8},"end":{"line":16,"column":9}},"loc":{"start":{"line":17,"column":12},"end":{"line":17,"column":62}},"line":17},"2":{"name":"(anonymous_2)","decl":{"start":{"line":25,"column":33},"end":{"line":25,"column":34}},"loc":{"start":{"line":25,"column":52},"end":{"line":29,"column":5}},"line":25},"3":{"name":"(anonymous_3)","decl":{"start":{"line":32,"column":8},"end":{"line":32,"column":9}},"loc":{"start":{"line":32,"column":47},"end":{"line":32,"column":62}},"line":32},"4":{"name":"(anonymous_4)","decl":{"start":{"line":36,"column":22},"end":{"line":36,"column":23}},"loc":{"start":{"line":36,"column":37},"end":{"line":38,"column":5}},"line":36},"5":{"name":"(anonymous_5)","decl":{"start":{"line":37,"column":11},"end":{"line":37,"column":12}},"loc":{"start":{"line":37,"column":26},"end":{"line":37,"column":39}},"line":37},"6":{"name":"(anonymous_6)","decl":{"start":{"line":40,"column":18},"end":{"line":40,"column":19}},"loc":{"start":{"line":40,"column":24},"end":{"line":50,"column":5}},"line":40},"7":{"name":"(anonymous_7)","decl":{"start":{"line":45,"column":16},"end":{"line":45,"column":17}},"loc":{"start":{"line":45,"column":44},"end":{"line":45,"column":68}},"line":45},"8":{"name":"(anonymous_8)","decl":{"start":{"line":52,"column":28},"end":{"line":52,"column":29}},"loc":{"start":{"line":52,"column":65},"end":{"line":58,"column":5}},"line":52},"9":{"name":"(anonymous_9)","decl":{"start":{"line":55,"column":48},"end":{"line":55,"column":49}},"loc":{"start":{"line":55,"column":65},"end":{"line":55,"column":116}},"line":55},"10":{"name":"(anonymous_10)","decl":{"start":{"line":74,"column":33},"end":{"line":74,"column":34}},"loc":{"start":{"line":74,"column":39},"end":{"line":77,"column":25}},"line":74},"11":{"name":"(anonymous_11)","decl":{"start":{"line":91,"column":35},"end":{"line":91,"column":36}},"loc":{"start":{"line":92,"column":16},"end":{"line":100,"column":32}},"line":92}},"branchMap":{"0":{"loc":{"start":{"line":17,"column":12},"end":{"line":17,"column":62}},"type":"binary-expr","locations":[{"start":{"line":17,"column":13},"end":{"line":17,"column":27}},{"start":{"line":17,"column":31},"end":{"line":17,"column":42}},{"start":{"line":17,"column":47},"end":{"line":17,"column":62}}],"line":17},"1":{"loc":{"start":{"line":55,"column":65},"end":{"line":55,"column":116}},"type":"cond-expr","locations":[{"start":{"line":55,"column":87},"end":{"line":55,"column":110}},{"start":{"line":55,"column":113},"end":{"line":55,"column":116}}],"line":55},"2":{"loc":{"start":{"line":67,"column":25},"end":{"line":67,"column":66}},"type":"cond-expr","locations":[{"start":{"line":67,"column":58},"end":{"line":67,"column":61}},{"start":{"line":67,"column":64},"end":{"line":67,"column":66}}],"line":67}},"s":{"0":2,"1":20,"2":81,"3":20,"4":20,"5":20,"6":2,"7":2,"8":2,"9":20,"10":41,"11":20,"12":2,"13":2,"14":20,"15":7,"16":7,"17":28,"18":7,"19":20,"20":2,"21":8,"22":20,"23":6,"24":6,"25":41},"f":{"0":20,"1":81,"2":2,"3":41,"4":2,"5":2,"6":7,"7":28,"8":2,"9":8,"10":6,"11":41},"b":{"0":[81,72,49],"1":[2,6],"2":[15,5]},"_coverageSchema":"1a1c01bbd47fc00a2c39e90264f33305004495a9","hash":"89cd22b2723ab59ad7c9369a4346e53191c6567e"}
,"/Users/blair/quizzer/src/quizzer/QuizList.tsx": {"path":"/Users/blair/quizzer/src/quizzer/QuizList.tsx","statementMap":{"0":{"start":{"line":8,"column":24},"end":{"line":56,"column":1}},"1":{"start":{"line":14,"column":38},"end":{"line":14,"column":67}},"2":{"start":{"line":16,"column":27},"end":{"line":18,"column":5}},"3":{"start":{"line":17,"column":8},"end":{"line":17,"column":25}},"4":{"start":{"line":20,"column":26},"end":{"line":22,"column":5}},"5":{"start":{"line":21,"column":8},"end":{"line":21,"column":27}},"6":{"start":{"line":24,"column":4},"end":{"line":55,"column":6}},"7":{"start":{"line":29,"column":24},"end":{"line":33,"column":36}},"8":{"start":{"line":41,"column":16},"end":{"line":52,"column":42}},"9":{"start":{"line":42,"column":20},"end":{"line":50,"column":22}},"10":{"start":{"line":52,"column":23},"end":{"line":52,"column":41}}},"fnMap":{"0":{"name":"(anonymous_0)","decl":{"start":{"line":8,"column":24},"end":{"line":8,"column":25}},"loc":{"start":{"line":13,"column":90},"end":{"line":56,"column":1}},"line":13},"1":{"name":"(anonymous_1)","decl":{"start":{"line":16,"column":27},"end":{"line":16,"column":28}},"loc":{"start":{"line":16,"column":43},"end":{"line":18,"column":5}},"line":16},"2":{"name":"(anonymous_2)","decl":{"start":{"line":20,"column":26},"end":{"line":20,"column":27}},"loc":{"start":{"line":20,"column":32},"end":{"line":22,"column":5}},"line":20},"3":{"name":"(anonymous_3)","decl":{"start":{"line":28,"column":33},"end":{"line":28,"column":34}},"loc":{"start":{"line":29,"column":24},"end":{"line":33,"column":36}},"line":29},"4":{"name":"(anonymous_4)","decl":{"start":{"line":40,"column":25},"end":{"line":40,"column":26}},"loc":{"start":{"line":40,"column":41},"end":{"line":53,"column":13}},"line":40}},"branchMap":{"0":{"loc":{"start":{"line":26,"column":13},"end":{"line":39,"column":13}},"type":"binary-expr","locations":[{"start":{"line":26,"column":13},"end":{"line":26,"column":23}},{"start":{"line":27,"column":16},"end":{"line":38,"column":19}}],"line":26},"1":{"loc":{"start":{"line":41,"column":16},"end":{"line":52,"column":42}},"type":"if","locations":[{"start":{"line":41,"column":16},"end":{"line":52,"column":42}},{"start":{"line":52,"column":21},"end":{"line":52,"column":42}}],"line":41}},"s":{"0":2,"1":42,"2":42,"3":10,"4":42,"5":1,"6":42,"7":90,"8":210,"9":24,"10":186},"f":{"0":42,"1":10,"2":1,"3":90,"4":210},"b":{"0":[42,18],"1":[24,186]},"_coverageSchema":"1a1c01bbd47fc00a2c39e90264f33305004495a9","hash":"b32ec7e2ea5574fad56a54466d14161305865bf4"}
,"/Users/blair/quizzer/src/quizzer/QuizQuestion.tsx": {"path":"/Users/blair/quizzer/src/quizzer/QuizQuestion.tsx","statementMap":{"0":{"start":{"line":8,"column":28},"end":{"line":86,"column":1}},"1":{"start":{"line":16,"column":24},"end":{"line":20,"column":5}},"2":{"start":{"line":17,"column":8},"end":{"line":19,"column":9}},"3":{"start":{"line":18,"column":12},"end":{"line":18,"column":57}},"4":{"start":{"line":22,"column":30},"end":{"line":27,"column":5}},"5":{"start":{"line":23,"column":8},"end":{"line":23,"column":28}},"6":{"start":{"line":24,"column":8},"end":{"line":26,"column":9}},"7":{"start":{"line":25,"column":12},"end":{"line":25,"column":39}},"8":{"start":{"line":29,"column":4},"end":{"line":85,"column":6}},"9":{"start":{"line":55,"column":36},"end":{"line":63,"column":38}}},"fnMap":{"0":{"name":"(anonymous_0)","decl":{"start":{"line":8,"column":28},"end":{"line":8,"column":29}},"loc":{"start":{"line":15,"column":135},"end":{"line":86,"column":1}},"line":15},"1":{"name":"(anonymous_1)","decl":{"start":{"line":16,"column":24},"end":{"line":16,"column":25}},"loc":{"start":{"line":16,"column":44},"end":{"line":20,"column":5}},"line":16},"2":{"name":"(anonymous_2)","decl":{"start":{"line":22,"column":30},"end":{"line":22,"column":31}},"loc":{"start":{"line":22,"column":36},"end":{"line":27,"column":5}},"line":22},"3":{"name":"(anonymous_3)","decl":{"start":{"line":54,"column":32},"end":{"line":54,"column":33}},"loc":{"start":{"line":55,"column":36},"end":{"line":63,"column":38}},"line":55}},"branchMap":{"0":{"loc":{"start":{"line":17,"column":8},"end":{"line":19,"column":9}},"type":"if","locations":[{"start":{"line":17,"column":8},"end":{"line":19,"column":9}},{"start":{},"end":{}}],"line":17},"1":{"loc":{"start":{"line":24,"column":8},"end":{"line":26,"column":9}},"type":"if","locations":[{"start":{"line":24,"column":8},"end":{"line":26,"column":9}},{"start":{},"end":{}}],"line":24},"2":{"loc":{"start":{"line":38,"column":45},"end":{"line":38,"column":77}},"type":"cond-expr","locations":[{"start":{"line":38,"column":69},"end":{"line":38,"column":72}},{"start":{"line":38,"column":75},"end":{"line":38,"column":77}}],"line":38},"3":{"loc":{"start":{"line":42,"column":21},"end":{"line":50,"column":21}},"type":"binary-expr","locations":[{"start":{"line":42,"column":21},"end":{"line":42,"column":62}},{"start":{"line":43,"column":24},"end":{"line":49,"column":37}}],"line":42},"4":{"loc":{"start":{"line":51,"column":21},"end":{"line":67,"column":21}},"type":"binary-expr","locations":[{"start":{"line":51,"column":21},"end":{"line":51,"column":65}},{"start":{"line":52,"column":24},"end":{"line":66,"column":30}}],"line":51},"5":{"loc":{"start":{"line":69,"column":39},"end":{"line":69,"column":64}},"type":"cond-expr","locations":[{"start":{"line":69,"column":51},"end":{"line":69,"column":53}},{"start":{"line":69,"column":56},"end":{"line":69,"column":64}}],"line":69},"6":{"loc":{"start":{"line":70,"column":29},"end":{"line":72,"column":37}},"type":"cond-expr","locations":[{"start":{"line":71,"column":34},"end":{"line":71,"column":38}},{"start":{"line":72,"column":34},"end":{"line":72,"column":37}}],"line":70}},"s":{"0":2,"1":41,"2":2,"3":2,"4":41,"5":2,"6":2,"7":2,"8":41,"9":57},"f":{"0":41,"1":2,"2":2,"3":57},"b":{"0":[2,0],"1":[2,0],"2":[3,38],"3":[41,22],"4":[41,19],"5":[2,39],"6":[4,37]},"_coverageSchema":"1a1c01bbd47fc00a2c39e90264f33305004495a9","hash":"b121c6d86e66d93d955ab1fa9f6bbf4e97ee2707"}
,"/Users/blair/quizzer/src/quizzer/QuizView.tsx": {"path":"/Users/blair/quizzer/src/quizzer/QuizView.tsx","statementMap":{"0":{"start":{"line":8,"column":24},"end":{"line":41,"column":1}},"1":{"start":{"line":14,"column":28},"end":{"line":14,"column":43}},"2":{"start":{"line":16,"column":23},"end":{"line":18,"column":5}},"3":{"start":{"line":17,"column":8},"end":{"line":17,"column":23}},"4":{"start":{"line":20,"column":4},"end":{"line":40,"column":6}}},"fnMap":{"0":{"name":"(anonymous_0)","decl":{"start":{"line":8,"column":24},"end":{"line":8,"column":25}},"loc":{"start":{"line":13,"column":85},"end":{"line":41,"column":1}},"line":13},"1":{"name":"(anonymous_1)","decl":{"start":{"line":16,"column":23},"end":{"line":16,"column":24}},"loc":{"start":{"line":16,"column":29},"end":{"line":18,"column":5}},"line":16}},"branchMap":{"0":{"loc":{"start":{"line":22,"column":13},"end":{"line":30,"column":13}},"type":"binary-expr","locations":[{"start":{"line":22,"column":13},"end":{"line":22,"column":17}},{"start":{"line":23,"column":16},"end":{"line":29,"column":28}}],"line":22},"1":{"loc":{"start":{"line":31,"column":13},"end":{"line":38,"column":13}},"type":"binary-expr","locations":[{"start":{"line":31,"column":13},"end":{"line":31,"column":18}},{"start":{"line":32,"column":16},"end":{"line":37,"column":32}}],"line":31}},"s":{"0":2,"1":24,"2":24,"3":11,"4":24},"f":{"0":24,"1":11},"b":{"0":[24,6],"1":[24,18]},"_coverageSchema":"1a1c01bbd47fc00a2c39e90264f33305004495a9","hash":"d07fff8b2856bb1242c35ed63239243db1e60e98"}
,"/Users/blair/quizzer/src/quizzer/Quizzer.tsx": {"path":"/Users/blair/quizzer/src/quizzer/Quizzer.tsx","statementMap":{"0":{"start":{"line":10,"column":16},"end":{"line":21,"column":1}},"1":{"start":{"line":11,"column":21},"end":{"line":20,"column":5}},"2":{"start":{"line":14,"column":30},"end":{"line":18,"column":13}},"3":{"start":{"line":23,"column":23},"end":{"line":115,"column":1}},"4":{"start":{"line":24,"column":34},"end":{"line":24,"column":59}},"5":{"start":{"line":25,"column":44},"end":{"line":25,"column":68}},"6":{"start":{"line":26,"column":30},"end":{"line":26,"column":49}},"7":{"start":{"line":29,"column":8},"end":{"line":31,"column":10}},"8":{"start":{"line":30,"column":44},"end":{"line":30,"column":70}},"9":{"start":{"line":35,"column":30},"end":{"line":39,"column":29}},"10":{"start":{"line":40,"column":8},"end":{"line":40,"column":42}},"11":{"start":{"line":41,"column":8},"end":{"line":41,"column":26}},"12":{"start":{"line":45,"column":8},"end":{"line":45,"column":71}},"13":{"start":{"line":45,"column":56},"end":{"line":45,"column":68}},"14":{"start":{"line":48,"column":28},"end":{"line":48,"column":55}},"15":{"start":{"line":48,"column":34},"end":{"line":48,"column":55}},"16":{"start":{"line":49,"column":29},"end":{"line":49,"column":57}},"17":{"start":{"line":49,"column":35},"end":{"line":49,"column":57}},"18":{"start":{"line":51,"column":4},"end":{"line":114,"column":6}}},"fnMap":{"0":{"name":"(anonymous_0)","decl":{"start":{"line":11,"column":4},"end":{"line":11,"column":5}},"loc":{"start":{"line":11,"column":21},"end":{"line":20,"column":5}},"line":11},"1":{"name":"(anonymous_1)","decl":{"start":{"line":14,"column":12},"end":{"line":14,"column":13}},"loc":{"start":{"line":14,"column":30},"end":{"line":18,"column":13}},"line":14},"2":{"name":"(anonymous_2)","decl":{"start":{"line":23,"column":23},"end":{"line":23,"column":24}},"loc":{"start":{"line":23,"column":29},"end":{"line":115,"column":1}},"line":23},"3":{"name":"editQuiz","decl":{"start":{"line":28,"column":13},"end":{"line":28,"column":21}},"loc":{"start":{"line":28,"column":50},"end":{"line":32,"column":5}},"line":28},"4":{"name":"(anonymous_4)","decl":{"start":{"line":30,"column":24},"end":{"line":30,"column":25}},"loc":{"start":{"line":30,"column":44},"end":{"line":30,"column":70}},"line":30},"5":{"name":"addQuiz","decl":{"start":{"line":34,"column":13},"end":{"line":34,"column":20}},"loc":{"start":{"line":34,"column":50},"end":{"line":42,"column":5}},"line":34},"6":{"name":"deleteQuiz","decl":{"start":{"line":44,"column":13},"end":{"line":44,"column":23}},"loc":{"start":{"line":44,"column":37},"end":{"line":46,"column":5}},"line":44},"7":{"name":"(anonymous_7)","decl":{"start":{"line":45,"column":34},"end":{"line":45,"column":35}},"loc":{"start":{"line":45,"column":56},"end":{"line":45,"column":68}},"line":45},"8":{"name":"(anonymous_8)","decl":{"start":{"line":48,"column":28},"end":{"line":48,"column":29}},"loc":{"start":{"line":48,"column":34},"end":{"line":48,"column":55}},"line":48},"9":{"name":"(anonymous_9)","decl":{"start":{"line":49,"column":29},"end":{"line":49,"column":30}},"loc":{"start":{"line":49,"column":35},"end":{"line":49,"column":57}},"line":49}},"branchMap":{"0":{"loc":{"start":{"line":30,"column":44},"end":{"line":30,"column":70}},"type":"cond-expr","locations":[{"start":{"line":30,"column":59},"end":{"line":30,"column":66}},{"start":{"line":30,"column":69},"end":{"line":30,"column":70}}],"line":30}},"s":{"0":2,"1":10,"2":40,"3":2,"4":34,"5":32,"6":32,"7":14,"8":70,"9":1,"10":1,"11":1,"12":1,"13":5,"14":32,"15":1,"16":32,"17":1,"18":32},"f":{"0":10,"1":40,"2":34,"3":14,"4":70,"5":1,"6":1,"7":5,"8":1,"9":1},"b":{"0":[14,56]},"_coverageSchema":"1a1c01bbd47fc00a2c39e90264f33305004495a9","hash":"858740db95b982192d714ce5c9dfee3798601d2f"}
}
