TN:
SF:src/App.tsx
FN:7,App
FN:15,(anonymous_1)
FNF:2
FNH:1
FNDA:2,App
FNDA:0,(anonymous_1)
DA:8,2
DA:10,1
DA:16,0
LF:3
LH:2
BRDA:19,0,0,1
BRDA:19,0,1,0
BRDA:22,1,0,1
BRDA:22,1,1,0
BRF:4
BRH:2
end_of_record
TN:
SF:src/interfaces/question.ts
FNF:0
FNH:0
LF:0
LH:0
BRF:0
BRH:0
end_of_record
TN:
SF:src/interfaces/quiz.ts
FNF:0
FNH:0
LF:0
LH:0
BRF:0
BRH:0
end_of_record
TN:
SF:src/quizzer/AddQuizModal.tsx
FN:4,(anonymous_0)
FN:12,(anonymous_1)
FN:21,(anonymous_2)
FN:30,(anonymous_3)
FN:39,(anonymous_4)
FN:48,(anonymous_5)
FNF:6
FNH:2
FNDA:32,(anonymous_0)
FNDA:1,(anonymous_1)
FNDA:0,(anonymous_2)
FNDA:0,(anonymous_3)
FNDA:0,(anonymous_4)
FNDA:0,(anonymous_5)
DA:4,2
DA:9,32
DA:10,32
DA:12,32
DA:13,1
DA:14,1
DA:15,1
DA:16,1
DA:19,32
DA:21,0
DA:32,0
DA:41,0
DA:49,0
DA:50,0
DA:51,0
LF:15
LH:9
BRF:0
BRH:0
end_of_record
TN:
SF:src/quizzer/QuestionEdit.tsx
FN:7,(anonymous_0)
FN:16,(anonymous_1)
FN:19,(anonymous_2)
FN:31,(anonymous_3)
FN:41,(anonymous_4)
FN:46,(anonymous_5)
FN:59,(anonymous_6)
FN:82,(anonymous_7)
FN:115,(anonymous_8)
FN:155,(anonymous_9)
FN:170,(anonymous_10)
FN:189,(anonymous_11)
FN:209,(anonymous_12)
FN:218,(anonymous_13)
FN:234,(anonymous_14)
FN:243,(anonymous_15)
FNF:16
FNH:7
FNDA:54,(anonymous_0)
FNDA:53,(anonymous_1)
FNDA:0,(anonymous_2)
FNDA:1,(anonymous_3)
FNDA:0,(anonymous_4)
FNDA:0,(anonymous_5)
FNDA:0,(anonymous_6)
FNDA:0,(anonymous_7)
FNDA:1,(anonymous_8)
FNDA:0,(anonymous_9)
FNDA:81,(anonymous_10)
FNDA:0,(anonymous_11)
FNDA:2,(anonymous_12)
FNDA:0,(anonymous_13)
FNDA:1,(anonymous_14)
FNDA:0,(anonymous_15)
DA:7,2
DA:15,54
DA:16,53
DA:19,54
DA:20,0
DA:22,0
DA:23,0
DA:31,54
DA:32,1
DA:33,1
DA:41,54
DA:42,0
DA:43,0
DA:46,54
DA:50,0
DA:51,0
DA:52,0
DA:59,54
DA:60,0
DA:61,0
DA:62,0
DA:68,54
DA:85,0
DA:115,1
DA:158,0
DA:171,81
DA:192,0
DA:210,2
DA:219,0
DA:235,1
DA:244,0
LF:31
LH:15
BRDA:22,0,0,0
BRDA:22,0,1,0
BRDA:55,1,0,0
BRDA:55,1,1,0
BRDA:104,2,0,13
BRDA:104,2,1,41
BRDA:135,3,0,54
BRDA:135,3,1,27
BRDA:150,4,0,54
BRDA:150,4,1,27
BRDA:166,5,0,54
BRDA:166,5,1,27
BRF:12
BRH:8
end_of_record
TN:
SF:src/quizzer/QuizCard.tsx
FN:7,(anonymous_0)
FN:12,(anonymous_1)
FN:21,(anonymous_2)
FNF:3
FNH:3
FNDA:90,(anonymous_0)
FNDA:356,(anonymous_1)
FNDA:10,(anonymous_2)
DA:7,2
DA:11,90
DA:13,356
DA:16,90
DA:22,10
LF:5
LH:5
BRDA:13,0,0,356
BRDA:13,0,1,302
BRDA:13,0,2,160
BRDA:29,1,0,90
BRDA:29,1,1,0
BRF:5
BRH:4
end_of_record
TN:
SF:src/quizzer/QuizEdit.tsx
FN:9,(anonymous_0)
FN:18,(anonymous_1)
FN:21,(anonymous_2)
FN:26,(anonymous_3)
FN:29,(anonymous_4)
FN:34,(anonymous_5)
FN:38,(anonymous_6)
FN:42,(anonymous_7)
FN:60,(anonymous_8)
FN:77,(anonymous_9)
FN:91,(anonymous_10)
FN:99,(anonymous_11)
FN:115,(anonymous_12)
FN:141,(anonymous_13)
FN:154,(anonymous_14)
FNF:15
FNH:11
FNDA:13,(anonymous_0)
FNDA:2,(anonymous_1)
FNDA:8,(anonymous_2)
FNDA:0,(anonymous_3)
FNDA:0,(anonymous_4)
FNDA:5,(anonymous_5)
FNDA:2,(anonymous_6)
FNDA:8,(anonymous_7)
FNDA:0,(anonymous_8)
FNDA:2,(anonymous_9)
FNDA:0,(anonymous_10)
FNDA:54,(anonymous_11)
FNDA:1,(anonymous_12)
FNDA:5,(anonymous_13)
FNDA:1,(anonymous_14)
DA:9,2
DA:16,13
DA:18,13
DA:19,2
DA:21,8
DA:26,13
DA:27,0
DA:29,0
DA:34,13
DA:35,5
DA:38,13
DA:39,2
DA:43,8
DA:44,6
DA:45,4
DA:51,13
DA:63,0
DA:80,2
DA:92,0
DA:100,54
DA:116,1
DA:142,5
DA:143,5
DA:155,1
DA:156,1
LF:25
LH:21
BRDA:21,0,0,2
BRDA:21,0,1,6
BRDA:43,1,0,2
BRDA:43,1,1,6
BRDA:44,2,0,2
BRDA:44,2,1,4
BRF:6
BRH:6
end_of_record
TN:
SF:src/quizzer/QuizExpanded.tsx
FN:9,(anonymous_0)
FN:16,(anonymous_1)
FN:25,(anonymous_2)
FN:32,(anonymous_3)
FN:36,(anonymous_4)
FN:37,(anonymous_5)
FN:40,(anonymous_6)
FN:45,(anonymous_7)
FN:52,(anonymous_8)
FN:55,(anonymous_9)
FN:74,(anonymous_10)
FN:91,(anonymous_11)
FNF:12
FNH:12
FNDA:20,(anonymous_0)
FNDA:81,(anonymous_1)
FNDA:2,(anonymous_2)
FNDA:41,(anonymous_3)
FNDA:2,(anonymous_4)
FNDA:2,(anonymous_5)
FNDA:7,(anonymous_6)
FNDA:28,(anonymous_7)
FNDA:2,(anonymous_8)
FNDA:8,(anonymous_9)
FNDA:6,(anonymous_10)
FNDA:41,(anonymous_11)
DA:9,2
DA:15,20
DA:17,81
DA:20,20
DA:21,20
DA:25,20
DA:26,2
DA:27,2
DA:28,2
DA:31,20
DA:32,41
DA:36,20
DA:37,2
DA:40,20
DA:41,7
DA:42,7
DA:45,28
DA:49,7
DA:52,20
DA:53,2
DA:55,8
DA:60,20
DA:75,6
DA:76,6
DA:92,41
LF:25
LH:25
BRDA:17,0,0,81
BRDA:17,0,1,72
BRDA:17,0,2,49
BRDA:55,1,0,2
BRDA:55,1,1,6
BRDA:67,2,0,15
BRDA:67,2,1,5
BRF:7
BRH:7
end_of_record
TN:
SF:src/quizzer/QuizList.tsx
FN:8,(anonymous_0)
FN:16,(anonymous_1)
FN:20,(anonymous_2)
FN:28,(anonymous_3)
FN:40,(anonymous_4)
FNF:5
FNH:5
FNDA:42,(anonymous_0)
FNDA:10,(anonymous_1)
FNDA:1,(anonymous_2)
FNDA:90,(anonymous_3)
FNDA:210,(anonymous_4)
DA:8,2
DA:14,42
DA:16,42
DA:17,10
DA:20,42
DA:21,1
DA:24,42
DA:29,90
DA:41,210
DA:42,24
DA:52,186
LF:11
LH:11
BRDA:26,0,0,42
BRDA:26,0,1,18
BRDA:41,1,0,24
BRDA:41,1,1,186
BRF:4
BRH:4
end_of_record
TN:
SF:src/quizzer/QuizQuestion.tsx
FN:8,(anonymous_0)
FN:16,(anonymous_1)
FN:22,(anonymous_2)
FN:54,(anonymous_3)
FNF:4
FNH:4
FNDA:41,(anonymous_0)
FNDA:2,(anonymous_1)
FNDA:2,(anonymous_2)
FNDA:57,(anonymous_3)
DA:8,2
DA:16,41
DA:17,2
DA:18,2
DA:22,41
DA:23,2
DA:24,2
DA:25,2
DA:29,41
DA:55,57
LF:10
LH:10
BRDA:17,0,0,2
BRDA:17,0,1,0
BRDA:24,1,0,2
BRDA:24,1,1,0
BRDA:38,2,0,3
BRDA:38,2,1,38
BRDA:42,3,0,41
BRDA:42,3,1,22
BRDA:51,4,0,41
BRDA:51,4,1,19
BRDA:69,5,0,2
BRDA:69,5,1,39
BRDA:70,6,0,4
BRDA:70,6,1,37
BRF:14
BRH:12
end_of_record
TN:
SF:src/quizzer/QuizView.tsx
FN:8,(anonymous_0)
FN:16,(anonymous_1)
FNF:2
FNH:2
FNDA:24,(anonymous_0)
FNDA:11,(anonymous_1)
DA:8,2
DA:14,24
DA:16,24
DA:17,11
DA:20,24
LF:5
LH:5
BRDA:22,0,0,24
BRDA:22,0,1,6
BRDA:31,1,0,24
BRDA:31,1,1,18
BRF:4
BRH:4
end_of_record
TN:
SF:src/quizzer/Quizzer.tsx
FN:11,(anonymous_0)
FN:14,(anonymous_1)
FN:23,(anonymous_2)
FN:28,editQuiz
FN:30,(anonymous_4)
FN:34,addQuiz
FN:44,deleteQuiz
FN:45,(anonymous_7)
FN:48,(anonymous_8)
FN:49,(anonymous_9)
FNF:10
FNH:10
FNDA:10,(anonymous_0)
FNDA:40,(anonymous_1)
FNDA:34,(anonymous_2)
FNDA:14,editQuiz
FNDA:70,(anonymous_4)
FNDA:1,addQuiz
FNDA:1,deleteQuiz
FNDA:5,(anonymous_7)
FNDA:1,(anonymous_8)
FNDA:1,(anonymous_9)
DA:10,2
DA:11,10
DA:14,40
DA:23,2
DA:24,34
DA:25,32
DA:26,32
DA:29,14
DA:30,70
DA:35,1
DA:40,1
DA:41,1
DA:45,5
DA:48,32
DA:49,32
DA:51,32
LF:16
LH:16
BRDA:30,0,0,14
BRDA:30,0,1,56
BRF:2
BRH:2
end_of_record
